[debug] [2021-06-01T02:41:29.414Z] ----------------------------------------------------------------------
[debug] [2021-06-01T02:41:29.416Z] Command:       /usr/local/bin/firebase /Users/budiagung/.cache/firebase/tools/lib/node_modules/firebase-tools/lib/bin/firebase init
[debug] [2021-06-01T02:41:29.416Z] CLI Version:   9.12.0
[debug] [2021-06-01T02:41:29.417Z] Platform:      darwin
[debug] [2021-06-01T02:41:29.417Z] Node Version:  v12.18.1
[debug] [2021-06-01T02:41:29.418Z] Time:          Tue Jun 01 2021 09:41:29 GMT+0700 (Western Indonesia Time)
[debug] [2021-06-01T02:41:29.418Z] ----------------------------------------------------------------------
[debug] 
[debug] [2021-06-01T02:41:29.423Z] > command requires scopes: ["email","openid","https://www.googleapis.com/auth/cloudplatformprojects.readonly","https://www.googleapis.com/auth/firebase","https://www.googleapis.com/auth/cloud-platform"]
[debug] [2021-06-01T02:41:29.423Z] > authorizing via signed-in user (budiagung070898@gmail.com)
[info] 
     ######## #### ########  ######## ########     ###     ######  ########
     ##        ##  ##     ## ##       ##     ##  ##   ##  ##       ##
     ######    ##  ########  ######   ########  #########  ######  ######
     ##        ##  ##    ##  ##       ##     ## ##     ##       ## ##
     ##       #### ##     ## ######## ########  ##     ##  ######  ########

You're about to initialize a Firebase project in this directory:

  /Users/budiagung/mern-frontend

[info] 
=== Project Setup
[info] 
[info] First, let's associate this project directory with a Firebase project.
[info] You can create multiple project aliases by running firebase use --add, 
[info] but for now we'll just set up a default project.
[info] 
[info] i  If you want to create a project in a Google Cloud organization or folder, please use "firebase projects:create" instead, and return to this command when you've created the project. 
[debug] [2021-06-01T02:42:13.504Z] > refreshing access token with scopes: ["email","https://www.googleapis.com/auth/cloud-platform","https://www.googleapis.com/auth/cloudplatformprojects.readonly","https://www.googleapis.com/auth/firebase","openid"]
[debug] [2021-06-01T02:42:13.505Z] >>> HTTP REQUEST POST https://www.googleapis.com/oauth2/v3/token  
 <request body omitted>
[debug] [2021-06-01T02:42:13.985Z] <<< HTTP RESPONSE 200 {"expires":"Mon, 01 Jan 1990 00:00:00 GMT","date":"Tue, 01 Jun 2021 02:42:14 GMT","pragma":"no-cache","cache-control":"no-cache, no-store, max-age=0, must-revalidate","content-type":"application/json; charset=utf-8","vary":"X-Origin, Referer, Origin,Accept-Encoding","server":"scaffolding on HTTPServer2","x-xss-protection":"0","x-frame-options":"SAMEORIGIN","x-content-type-options":"nosniff","alt-svc":"h3-29=\":443\"; ma=2592000,h3-T051=\":443\"; ma=2592000,h3-Q050=\":443\"; ma=2592000,h3-Q046=\":443\"; ma=2592000,h3-Q043=\":443\"; ma=2592000,quic=\":443\"; ma=2592000; v=\"46,43\"","accept-ranges":"none","transfer-encoding":"chunked"}
[debug] [2021-06-01T02:42:14.018Z] >>> HTTP REQUEST POST https://cloudresourcemanager.googleapis.com/v1/projects  
 {"projectId":"mernCourse","name":"mernCourse"}
[debug] [2021-06-01T02:42:44.484Z] FirebaseError: Server Error. ESOCKETTIMEDOUT
    at Request._callback (/Users/budiagung/.cache/firebase/tools/lib/node_modules/firebase-tools/lib/api.js:32:31)
    at self.callback (/Users/budiagung/.cache/firebase/tools/lib/node_modules/request/request.js:185:22)
    at Request.emit (events.js:315:20)
    at Request.EventEmitter.emit (domain.js:482:12)
    at ClientRequest.<anonymous> (/Users/budiagung/.cache/firebase/tools/lib/node_modules/request/request.js:819:16)
    at Object.onceWrapper (events.js:421:28)
    at ClientRequest.emit (events.js:315:20)
    at ClientRequest.EventEmitter.emit (domain.js:482:12)
    at TLSSocket.emitRequestTimeout (_http_client.js:709:9)
    at Object.onceWrapper (events.js:421:28)
    at TLSSocket.emit (events.js:327:22)
    at TLSSocket.EventEmitter.emit (domain.js:482:12)
    at TLSSocket.Socket._onTimeout (net.js:481:8)
    at listOnTimeout (internal/timers.js:549:17)
    at processTimers (internal/timers.js:492:7)
[error] 
[error] Error: Failed to create project. See firebase-debug.log for more info.
[debug] [2021-06-01T02:43:28.915Z] ----------------------------------------------------------------------
[debug] [2021-06-01T02:43:28.917Z] Command:       /usr/local/bin/firebase /Users/budiagung/.cache/firebase/tools/lib/node_modules/firebase-tools/lib/bin/firebase init
[debug] [2021-06-01T02:43:28.917Z] CLI Version:   9.12.0
[debug] [2021-06-01T02:43:28.917Z] Platform:      darwin
[debug] [2021-06-01T02:43:28.918Z] Node Version:  v12.18.1
[debug] [2021-06-01T02:43:28.919Z] Time:          Tue Jun 01 2021 09:43:28 GMT+0700 (Western Indonesia Time)
[debug] [2021-06-01T02:43:28.919Z] ----------------------------------------------------------------------
[debug] 
[debug] [2021-06-01T02:43:28.925Z] > command requires scopes: ["email","openid","https://www.googleapis.com/auth/cloudplatformprojects.readonly","https://www.googleapis.com/auth/firebase","https://www.googleapis.com/auth/cloud-platform"]
[debug] [2021-06-01T02:43:28.925Z] > authorizing via signed-in user (budiagung070898@gmail.com)
[info] 
     ######## #### ########  ######## ########     ###     ######  ########
     ##        ##  ##     ## ##       ##     ##  ##   ##  ##       ##
     ######    ##  ########  ######   ########  #########  ######  ######
     ##        ##  ##    ##  ##       ##     ## ##     ##       ## ##
     ##       #### ##     ## ######## ########  ##     ##  ######  ########

You're about to initialize a Firebase project in this directory:

  /Users/budiagung/mern-frontend

[info] 
=== Project Setup
[info] 
[info] First, let's associate this project directory with a Firebase project.
[info] You can create multiple project aliases by running firebase use --add, 
[info] but for now we'll just set up a default project.
[info] 
[info] i  If you want to create a project in a Google Cloud organization or folder, please use "firebase projects:create" instead, and return to this command when you've created the project. 
[debug] [2021-06-01T02:43:52.848Z] >>> HTTP REQUEST POST https://cloudresourcemanager.googleapis.com/v1/projects  
 {"projectId":"mern-course","name":"mern-course"}
[debug] [2021-06-01T02:43:54.239Z] <<< HTTP RESPONSE 409 {"vary":"X-Origin, Referer, Origin,Accept-Encoding","content-type":"application/json; charset=UTF-8","date":"Tue, 01 Jun 2021 02:43:55 GMT","server":"ESF","cache-control":"private","x-xss-protection":"0","x-frame-options":"SAMEORIGIN","x-content-type-options":"nosniff","server-timing":"gfet4t7; dur=1133","alt-svc":"h3-29=\":443\"; ma=2592000,h3-T051=\":443\"; ma=2592000,h3-Q050=\":443\"; ma=2592000,h3-Q046=\":443\"; ma=2592000,h3-Q043=\":443\"; ma=2592000,quic=\":443\"; ma=2592000; v=\"46,43\"","accept-ranges":"none","transfer-encoding":"chunked"}
[debug] [2021-06-01T02:43:54.239Z] <<< HTTP RESPONSE BODY {"error":{"code":409,"message":"Requested entity already exists","status":"ALREADY_EXISTS"}}
[debug] [2021-06-01T02:43:54.468Z] FirebaseError: HTTP Error: 409, Requested entity already exists
    at module.exports (/Users/budiagung/.cache/firebase/tools/lib/node_modules/firebase-tools/lib/responseToError.js:38:12)
    at Request._callback (/Users/budiagung/.cache/firebase/tools/lib/node_modules/firebase-tools/lib/api.js:41:35)
    at Request.self.callback (/Users/budiagung/.cache/firebase/tools/lib/node_modules/request/request.js:185:22)
    at Request.emit (events.js:315:20)
    at Request.EventEmitter.emit (domain.js:482:12)
    at Request.<anonymous> (/Users/budiagung/.cache/firebase/tools/lib/node_modules/request/request.js:1154:10)
    at Request.emit (events.js:315:20)
    at Request.EventEmitter.emit (domain.js:482:12)
    at IncomingMessage.<anonymous> (/Users/budiagung/.cache/firebase/tools/lib/node_modules/request/request.js:1076:12)
    at Object.onceWrapper (events.js:421:28)
    at IncomingMessage.emit (events.js:327:22)
    at IncomingMessage.EventEmitter.emit (domain.js:482:12)
    at endReadableNT (_stream_readable.js:1221:12)
    at processTicksAndRejections (internal/process/task_queues.js:84:21)
[error] 
[error] Error: Failed to create project because there is already a project with ID mern-course. Please try again with a unique project ID.
[debug] [2021-06-01T02:44:07.540Z] ----------------------------------------------------------------------
[debug] [2021-06-01T02:44:07.542Z] Command:       /usr/local/bin/firebase /Users/budiagung/.cache/firebase/tools/lib/node_modules/firebase-tools/lib/bin/firebase init
[debug] [2021-06-01T02:44:07.542Z] CLI Version:   9.12.0
[debug] [2021-06-01T02:44:07.542Z] Platform:      darwin
[debug] [2021-06-01T02:44:07.542Z] Node Version:  v12.18.1
[debug] [2021-06-01T02:44:07.543Z] Time:          Tue Jun 01 2021 09:44:07 GMT+0700 (Western Indonesia Time)
[debug] [2021-06-01T02:44:07.543Z] ----------------------------------------------------------------------
[debug] 
[debug] [2021-06-01T02:44:07.548Z] > command requires scopes: ["email","openid","https://www.googleapis.com/auth/cloudplatformprojects.readonly","https://www.googleapis.com/auth/firebase","https://www.googleapis.com/auth/cloud-platform"]
[debug] [2021-06-01T02:44:07.548Z] > authorizing via signed-in user (budiagung070898@gmail.com)
[info] 
     ######## #### ########  ######## ########     ###     ######  ########
     ##        ##  ##     ## ##       ##     ##  ##   ##  ##       ##
     ######    ##  ########  ######   ########  #########  ######  ######
     ##        ##  ##    ##  ##       ##     ## ##     ##       ## ##
     ##       #### ##     ## ######## ########  ##     ##  ######  ########

You're about to initialize a Firebase project in this directory:

  /Users/budiagung/mern-frontend

[info] 
=== Project Setup
[info] 
[info] First, let's associate this project directory with a Firebase project.
[info] You can create multiple project aliases by running firebase use --add, 
[info] but for now we'll just set up a default project.
[info] 
[info] i  If you want to create a project in a Google Cloud organization or folder, please use "firebase projects:create" instead, and return to this command when you've created the project. 
[debug] [2021-06-01T02:44:30.105Z] >>> HTTP REQUEST POST https://cloudresourcemanager.googleapis.com/v1/projects  
 {"projectId":"mern-frontend-course","name":"mern-frontend-course"}
[debug] [2021-06-01T02:44:32.222Z] <<< HTTP RESPONSE 200 {"content-type":"application/json; charset=UTF-8","vary":"X-Origin, Referer, Origin,Accept-Encoding","date":"Tue, 01 Jun 2021 02:44:32 GMT","server":"ESF","cache-control":"private","x-xss-protection":"0","x-frame-options":"SAMEORIGIN","x-content-type-options":"nosniff","server-timing":"gfet4t7; dur=1772","alt-svc":"h3-29=\":443\"; ma=2592000,h3-T051=\":443\"; ma=2592000,h3-Q050=\":443\"; ma=2592000,h3-Q046=\":443\"; ma=2592000,h3-Q043=\":443\"; ma=2592000,quic=\":443\"; ma=2592000; v=\"46,43\"","accept-ranges":"none","transfer-encoding":"chunked"}
[debug] [2021-06-01T02:44:32.225Z] > refreshing access token with scopes: []
[debug] [2021-06-01T02:44:32.225Z] >>> HTTP REQUEST POST https://www.googleapis.com/oauth2/v3/token  
 <request body omitted>
[debug] [2021-06-01T02:44:32.518Z] <<< HTTP RESPONSE 200 {"pragma":"no-cache","expires":"Mon, 01 Jan 1990 00:00:00 GMT","cache-control":"no-cache, no-store, max-age=0, must-revalidate","date":"Tue, 01 Jun 2021 02:44:33 GMT","content-type":"application/json; charset=utf-8","vary":"X-Origin, Referer, Origin,Accept-Encoding","server":"scaffolding on HTTPServer2","x-xss-protection":"0","x-frame-options":"SAMEORIGIN","x-content-type-options":"nosniff","alt-svc":"h3-29=\":443\"; ma=2592000,h3-T051=\":443\"; ma=2592000,h3-Q050=\":443\"; ma=2592000,h3-Q046=\":443\"; ma=2592000,h3-Q043=\":443\"; ma=2592000,quic=\":443\"; ma=2592000; v=\"46,43\"","accept-ranges":"none","transfer-encoding":"chunked"}
[debug] [2021-06-01T02:44:32.552Z] >>> [apiv2][query] GET https://cloudresourcemanager.googleapis.com/v1/operations/cp.7480233341745621939 [none]
[debug] [2021-06-01T02:44:34.067Z] <<< [apiv2][status] GET https://cloudresourcemanager.googleapis.com/v1/operations/cp.7480233341745621939 200
[debug] [2021-06-01T02:44:34.067Z] <<< [apiv2][body] GET https://cloudresourcemanager.googleapis.com/v1/operations/cp.7480233341745621939 {"name":"operations/cp.7480233341745621939","metadata":{"@type":"type.googleapis.com/google.cloudresourcemanager.v1.ProjectCreationStatus","gettable":true}}
[debug] [2021-06-01T02:44:34.570Z] [Project Creation Poller] Retrying task index 0
[debug] [2021-06-01T02:44:34.570Z] >>> [apiv2][query] GET https://cloudresourcemanager.googleapis.com/v1/operations/cp.7480233341745621939 [none]
[debug] [2021-06-01T02:44:36.008Z] <<< [apiv2][status] GET https://cloudresourcemanager.googleapis.com/v1/operations/cp.7480233341745621939 200
[debug] [2021-06-01T02:44:36.008Z] <<< [apiv2][body] GET https://cloudresourcemanager.googleapis.com/v1/operations/cp.7480233341745621939 {"name":"operations/cp.7480233341745621939","metadata":{"@type":"type.googleapis.com/google.cloudresourcemanager.v1.ProjectCreationStatus","gettable":true,"ready":true},"done":true,"response":{"@type":"type.googleapis.com/google.cloudresourcemanager.v1.Project","projectNumber":"1033214942144","projectId":"mern-frontend-course","lifecycleState":"ACTIVE","name":"mern-frontend-course","createTime":"2021-06-01T02:44:32.270Z"}}
[debug] [2021-06-01T02:44:36.010Z] > refreshing access token with scopes: ["email","https://www.googleapis.com/auth/cloud-platform","https://www.googleapis.com/auth/cloudplatformprojects.readonly","https://www.googleapis.com/auth/firebase","openid"]
[debug] [2021-06-01T02:44:36.010Z] >>> HTTP REQUEST POST https://www.googleapis.com/oauth2/v3/token  
 <request body omitted>
[debug] [2021-06-01T02:44:36.204Z] <<< HTTP RESPONSE 200 {"cache-control":"no-cache, no-store, max-age=0, must-revalidate","pragma":"no-cache","expires":"Mon, 01 Jan 1990 00:00:00 GMT","date":"Tue, 01 Jun 2021 02:44:37 GMT","content-type":"application/json; charset=utf-8","vary":"X-Origin, Referer, Origin,Accept-Encoding","server":"scaffolding on HTTPServer2","x-xss-protection":"0","x-frame-options":"SAMEORIGIN","x-content-type-options":"nosniff","alt-svc":"h3-29=\":443\"; ma=2592000,h3-T051=\":443\"; ma=2592000,h3-Q050=\":443\"; ma=2592000,h3-Q046=\":443\"; ma=2592000,h3-Q043=\":443\"; ma=2592000,quic=\":443\"; ma=2592000; v=\"46,43\"","accept-ranges":"none","transfer-encoding":"chunked"}
[debug] [2021-06-01T02:44:36.235Z] >>> HTTP REQUEST POST https://firebase.googleapis.com/v1beta1/projects/mern-frontend-course:addFirebase  
 
[debug] [2021-06-01T02:44:39.662Z] <<< HTTP RESPONSE 200 {"content-type":"application/json; charset=UTF-8","vary":"X-Origin, Referer, Origin,Accept-Encoding","date":"Tue, 01 Jun 2021 02:44:40 GMT","server":"ESF","cache-control":"private","x-xss-protection":"0","x-frame-options":"SAMEORIGIN","x-content-type-options":"nosniff","alt-svc":"h3-29=\":443\"; ma=2592000,h3-T051=\":443\"; ma=2592000,h3-Q050=\":443\"; ma=2592000,h3-Q046=\":443\"; ma=2592000,h3-Q043=\":443\"; ma=2592000,quic=\":443\"; ma=2592000; v=\"46,43\"","accept-ranges":"none","transfer-encoding":"chunked"}
[debug] [2021-06-01T02:44:39.663Z] > refreshing access token with scopes: []
[debug] [2021-06-01T02:44:39.663Z] >>> HTTP REQUEST POST https://www.googleapis.com/oauth2/v3/token  
 <request body omitted>
[debug] [2021-06-01T02:44:39.877Z] <<< HTTP RESPONSE 200 {"cache-control":"no-cache, no-store, max-age=0, must-revalidate","pragma":"no-cache","expires":"Mon, 01 Jan 1990 00:00:00 GMT","date":"Tue, 01 Jun 2021 02:44:40 GMT","content-type":"application/json; charset=utf-8","vary":"X-Origin, Referer, Origin,Accept-Encoding","server":"scaffolding on HTTPServer2","x-xss-protection":"0","x-frame-options":"SAMEORIGIN","x-content-type-options":"nosniff","alt-svc":"h3-29=\":443\"; ma=2592000,h3-T051=\":443\"; ma=2592000,h3-Q050=\":443\"; ma=2592000,h3-Q046=\":443\"; ma=2592000,h3-Q043=\":443\"; ma=2592000,quic=\":443\"; ma=2592000; v=\"46,43\"","accept-ranges":"none","transfer-encoding":"chunked"}
[debug] [2021-06-01T02:44:39.909Z] >>> [apiv2][query] GET https://firebase.googleapis.com/v1beta1/operations/workflows/YmZiYzY1MmEtMGRhMC00MTg4LWJjOTMtZjE2OWM4ZDRhYjNj [none]
[debug] [2021-06-01T02:44:41.358Z] <<< [apiv2][status] GET https://firebase.googleapis.com/v1beta1/operations/workflows/YmZiYzY1MmEtMGRhMC00MTg4LWJjOTMtZjE2OWM4ZDRhYjNj 200
[debug] [2021-06-01T02:44:41.358Z] <<< [apiv2][body] GET https://firebase.googleapis.com/v1beta1/operations/workflows/YmZiYzY1MmEtMGRhMC00MTg4LWJjOTMtZjE2OWM4ZDRhYjNj {"name":"operations/workflows/YmZiYzY1MmEtMGRhMC00MTg4LWJjOTMtZjE2OWM4ZDRhYjNj"}
[debug] [2021-06-01T02:44:41.861Z] [Add Firebase Poller] Retrying task index 0
[debug] [2021-06-01T02:44:41.861Z] >>> [apiv2][query] GET https://firebase.googleapis.com/v1beta1/operations/workflows/YmZiYzY1MmEtMGRhMC00MTg4LWJjOTMtZjE2OWM4ZDRhYjNj [none]
[debug] Task index 0 failed: timed out after 30000ms.
[debug] [2021-06-01T02:45:09.670Z] Task index 0 failed: timed out after 30000ms.
[debug] [2021-06-01T02:45:09.883Z] FirebaseError: Task index 0 failed: timed out after 30000ms.
    at Timeout.<anonymous> (/Users/budiagung/.cache/firebase/tools/lib/node_modules/firebase-tools/lib/throttler/throttler.js:170:24)
    at listOnTimeout (internal/timers.js:549:17)
    at processTimers (internal/timers.js:492:7)
[error] 
[error] Error: Failed to add Firebase to Google Cloud Platform project. See firebase-debug.log for more info.
[debug] [2021-06-01T02:46:53.847Z] ----------------------------------------------------------------------
[debug] [2021-06-01T02:46:53.849Z] Command:       /usr/local/bin/firebase /Users/budiagung/.cache/firebase/tools/lib/node_modules/firebase-tools/lib/bin/firebase init
[debug] [2021-06-01T02:46:53.850Z] CLI Version:   9.12.0
[debug] [2021-06-01T02:46:53.850Z] Platform:      darwin
[debug] [2021-06-01T02:46:53.851Z] Node Version:  v12.18.1
[debug] [2021-06-01T02:46:53.852Z] Time:          Tue Jun 01 2021 09:46:53 GMT+0700 (Western Indonesia Time)
[debug] [2021-06-01T02:46:53.852Z] ----------------------------------------------------------------------
[debug] 
[debug] [2021-06-01T02:46:53.861Z] > command requires scopes: ["email","openid","https://www.googleapis.com/auth/cloudplatformprojects.readonly","https://www.googleapis.com/auth/firebase","https://www.googleapis.com/auth/cloud-platform"]
[debug] [2021-06-01T02:46:53.862Z] > authorizing via signed-in user (budiagung070898@gmail.com)
[info] 
     ######## #### ########  ######## ########     ###     ######  ########
     ##        ##  ##     ## ##       ##     ##  ##   ##  ##       ##
     ######    ##  ########  ######   ########  #########  ######  ######
     ##        ##  ##    ##  ##       ##     ## ##     ##       ## ##
     ##       #### ##     ## ######## ########  ##     ##  ######  ########

You're about to initialize a Firebase project in this directory:

  /Users/budiagung/mern-frontend

[info] 
=== Project Setup
[info] 
[info] First, let's associate this project directory with a Firebase project.
[info] You can create multiple project aliases by running firebase use --add, 
[info] but for now we'll just set up a default project.
[info] 
[info] i  If you want to create a project in a Google Cloud organization or folder, please use "firebase projects:create" instead, and return to this command when you've created the project. 
[debug] [2021-06-01T02:47:18.469Z] > refreshing access token with scopes: ["email","https://www.googleapis.com/auth/cloud-platform","https://www.googleapis.com/auth/cloudplatformprojects.readonly","https://www.googleapis.com/auth/firebase","openid"]
[debug] [2021-06-01T02:47:18.470Z] >>> HTTP REQUEST POST https://www.googleapis.com/oauth2/v3/token  
 <request body omitted>
[debug] [2021-06-01T02:47:18.742Z] <<< HTTP RESPONSE 200 {"cache-control":"no-cache, no-store, max-age=0, must-revalidate","expires":"Mon, 01 Jan 1990 00:00:00 GMT","date":"Tue, 01 Jun 2021 02:47:19 GMT","pragma":"no-cache","content-type":"application/json; charset=utf-8","vary":"X-Origin, Referer, Origin,Accept-Encoding","server":"scaffolding on HTTPServer2","x-xss-protection":"0","x-frame-options":"SAMEORIGIN","x-content-type-options":"nosniff","alt-svc":"h3-29=\":443\"; ma=2592000,h3-T051=\":443\"; ma=2592000,h3-Q050=\":443\"; ma=2592000,h3-Q046=\":443\"; ma=2592000,h3-Q043=\":443\"; ma=2592000,quic=\":443\"; ma=2592000; v=\"46,43\"","accept-ranges":"none","transfer-encoding":"chunked"}
[debug] [2021-06-01T02:47:18.773Z] >>> HTTP REQUEST POST https://cloudresourcemanager.googleapis.com/v1/projects  
 {"projectId":"mern-frontend-course","name":"mern-frontend-course"}
[debug] [2021-06-01T02:47:19.430Z] <<< HTTP RESPONSE 409 {"vary":"X-Origin, Referer, Origin,Accept-Encoding","content-type":"application/json; charset=UTF-8","date":"Tue, 01 Jun 2021 02:47:20 GMT","server":"ESF","cache-control":"private","x-xss-protection":"0","x-frame-options":"SAMEORIGIN","x-content-type-options":"nosniff","server-timing":"gfet4t7; dur=382","alt-svc":"h3-29=\":443\"; ma=2592000,h3-T051=\":443\"; ma=2592000,h3-Q050=\":443\"; ma=2592000,h3-Q046=\":443\"; ma=2592000,h3-Q043=\":443\"; ma=2592000,quic=\":443\"; ma=2592000; v=\"46,43\"","accept-ranges":"none","transfer-encoding":"chunked"}
[debug] [2021-06-01T02:47:19.430Z] <<< HTTP RESPONSE BODY {"error":{"code":409,"message":"Requested entity already exists","status":"ALREADY_EXISTS"}}
[debug] [2021-06-01T02:47:19.636Z] FirebaseError: HTTP Error: 409, Requested entity already exists
    at module.exports (/Users/budiagung/.cache/firebase/tools/lib/node_modules/firebase-tools/lib/responseToError.js:38:12)
    at Request._callback (/Users/budiagung/.cache/firebase/tools/lib/node_modules/firebase-tools/lib/api.js:41:35)
    at Request.self.callback (/Users/budiagung/.cache/firebase/tools/lib/node_modules/request/request.js:185:22)
    at Request.emit (events.js:315:20)
    at Request.EventEmitter.emit (domain.js:482:12)
    at Request.<anonymous> (/Users/budiagung/.cache/firebase/tools/lib/node_modules/request/request.js:1154:10)
    at Request.emit (events.js:315:20)
    at Request.EventEmitter.emit (domain.js:482:12)
    at IncomingMessage.<anonymous> (/Users/budiagung/.cache/firebase/tools/lib/node_modules/request/request.js:1076:12)
    at Object.onceWrapper (events.js:421:28)
    at IncomingMessage.emit (events.js:327:22)
    at IncomingMessage.EventEmitter.emit (domain.js:482:12)
    at endReadableNT (_stream_readable.js:1221:12)
    at processTicksAndRejections (internal/process/task_queues.js:84:21)
[error] 
[error] Error: Failed to create project because there is already a project with ID mern-frontend-course. Please try again with a unique project ID.
[debug] [2021-06-01T02:47:29.818Z] ----------------------------------------------------------------------
[debug] [2021-06-01T02:47:29.820Z] Command:       /usr/local/bin/firebase /Users/budiagung/.cache/firebase/tools/lib/node_modules/firebase-tools/lib/bin/firebase init
[debug] [2021-06-01T02:47:29.820Z] CLI Version:   9.12.0
[debug] [2021-06-01T02:47:29.820Z] Platform:      darwin
[debug] [2021-06-01T02:47:29.820Z] Node Version:  v12.18.1
[debug] [2021-06-01T02:47:29.821Z] Time:          Tue Jun 01 2021 09:47:29 GMT+0700 (Western Indonesia Time)
[debug] [2021-06-01T02:47:29.822Z] ----------------------------------------------------------------------
[debug] 
[debug] [2021-06-01T02:47:29.826Z] > command requires scopes: ["email","openid","https://www.googleapis.com/auth/cloudplatformprojects.readonly","https://www.googleapis.com/auth/firebase","https://www.googleapis.com/auth/cloud-platform"]
[debug] [2021-06-01T02:47:29.827Z] > authorizing via signed-in user (budiagung070898@gmail.com)
[info] 
     ######## #### ########  ######## ########     ###     ######  ########
     ##        ##  ##     ## ##       ##     ##  ##   ##  ##       ##
     ######    ##  ########  ######   ########  #########  ######  ######
     ##        ##  ##    ##  ##       ##     ## ##     ##       ## ##
     ##       #### ##     ## ######## ########  ##     ##  ######  ########

You're about to initialize a Firebase project in this directory:

  /Users/budiagung/mern-frontend

[info] 
=== Project Setup
[info] 
[info] First, let's associate this project directory with a Firebase project.
[info] You can create multiple project aliases by running firebase use --add, 
[info] but for now we'll just set up a default project.
[info] 
[debug] [2021-06-01T02:47:36.938Z] > refreshing access token with scopes: []
[debug] [2021-06-01T02:47:36.939Z] >>> HTTP REQUEST POST https://www.googleapis.com/oauth2/v3/token  
 <request body omitted>
[debug] [2021-06-01T02:47:37.181Z] <<< HTTP RESPONSE 200 {"cache-control":"no-cache, no-store, max-age=0, must-revalidate","expires":"Mon, 01 Jan 1990 00:00:00 GMT","date":"Tue, 01 Jun 2021 02:47:38 GMT","pragma":"no-cache","content-type":"application/json; charset=utf-8","vary":"X-Origin, Referer, Origin,Accept-Encoding","server":"scaffolding on HTTPServer2","x-xss-protection":"0","x-frame-options":"SAMEORIGIN","x-content-type-options":"nosniff","alt-svc":"h3-29=\":443\"; ma=2592000,h3-T051=\":443\"; ma=2592000,h3-Q050=\":443\"; ma=2592000,h3-Q046=\":443\"; ma=2592000,h3-Q043=\":443\"; ma=2592000,quic=\":443\"; ma=2592000; v=\"46,43\"","accept-ranges":"none","transfer-encoding":"chunked"}
[debug] [2021-06-01T02:47:37.214Z] >>> [apiv2][query] GET https://firebase.googleapis.com/v1beta1/projects pageSize=100
[debug] [2021-06-01T02:48:07.215Z] Timeout reached making request to https://firebase.googleapis.com/v1beta1/projects?pageSize=100
[debug] [2021-06-01T02:48:07.441Z] FirebaseError: Timeout reached making request to https://firebase.googleapis.com/v1beta1/projects?pageSize=100
    at Client.doRequest (/Users/budiagung/.cache/firebase/tools/lib/node_modules/firebase-tools/lib/apiv2.js:209:23)
    at processTicksAndRejections (internal/process/task_queues.js:97:5)
[error] 
[error] Error: Failed to list Firebase projects. See firebase-debug.log for more info.
[debug] [2021-06-01T02:48:36.620Z] ----------------------------------------------------------------------
[debug] [2021-06-01T02:48:36.622Z] Command:       /usr/local/bin/firebase /Users/budiagung/.cache/firebase/tools/lib/node_modules/firebase-tools/lib/bin/firebase init
[debug] [2021-06-01T02:48:36.623Z] CLI Version:   9.12.0
[debug] [2021-06-01T02:48:36.623Z] Platform:      darwin
[debug] [2021-06-01T02:48:36.623Z] Node Version:  v12.18.1
[debug] [2021-06-01T02:48:36.624Z] Time:          Tue Jun 01 2021 09:48:36 GMT+0700 (Western Indonesia Time)
[debug] [2021-06-01T02:48:36.624Z] ----------------------------------------------------------------------
[debug] 
[debug] [2021-06-01T02:48:36.629Z] > command requires scopes: ["email","openid","https://www.googleapis.com/auth/cloudplatformprojects.readonly","https://www.googleapis.com/auth/firebase","https://www.googleapis.com/auth/cloud-platform"]
[debug] [2021-06-01T02:48:36.629Z] > authorizing via signed-in user (budiagung070898@gmail.com)
[info] 
     ######## #### ########  ######## ########     ###     ######  ########
     ##        ##  ##     ## ##       ##     ##  ##   ##  ##       ##
     ######    ##  ########  ######   ########  #########  ######  ######
     ##        ##  ##    ##  ##       ##     ## ##     ##       ## ##
     ##       #### ##     ## ######## ########  ##     ##  ######  ########

You're about to initialize a Firebase project in this directory:

  /Users/budiagung/mern-frontend

[info] 
=== Project Setup
[info] 
[info] First, let's associate this project directory with a Firebase project.
[info] You can create multiple project aliases by running firebase use --add, 
[info] but for now we'll just set up a default project.
[info] 
[debug] [2021-06-01T02:48:48.107Z] >>> [apiv2][query] GET https://firebase.googleapis.com/v1beta1/projects pageSize=100
[debug] [2021-06-01T02:48:51.290Z] <<< [apiv2][status] GET https://firebase.googleapis.com/v1beta1/projects 200
[debug] [2021-06-01T02:48:51.290Z] <<< [apiv2][body] GET https://firebase.googleapis.com/v1beta1/projects [omitted]
[info] i  Using project mern-frontend-course (mern-frontend-course) 
[info] 
=== Hosting Setup
[info] 
[info] Your public directory is the folder (relative to your project directory) that
[info] will contain Hosting assets to be uploaded with firebase deploy. If you
[info] have a build process for your assets, use your build's output directory.
[info] 
[debug] [2021-06-01T02:49:50.513Z] >>> [apiv2][query] GET https://www.gstatic.com/firebasejs/releases.json [none]
[debug] [2021-06-01T02:49:52.865Z] <<< [apiv2][status] GET https://www.gstatic.com/firebasejs/releases.json 200
[debug] [2021-06-01T02:49:52.866Z] <<< [apiv2][body] GET https://www.gstatic.com/firebasejs/releases.json {"current":{"version":"8.6.3","browserURL":"https://www.gstatic.com/firebasejs/8.6.3/firebase.js","packageURL":"https://www.gstatic.com/firebasejs/8.6.3/firebase.tgz"},"live":{"version":"8.6","browserURL":"https://www.gstatic.com/firebasejs/live/8.6/firebase.js","packageURL":"https://www.gstatic.com/firebasejs/live/8.6/firebase.tgz"},"components":{"analytics":"https://www.gstatic.com/firebasejs/8.6.3/firebase-analytics.js","app":"https://www.gstatic.com/firebasejs/8.6.3/firebase-app.js","app-check":"https://www.gstatic.com/firebasejs/8.6.3/firebase-app-check.js","auth":"https://www.gstatic.com/firebasejs/8.6.3/firebase-auth.js","database":"https://www.gstatic.com/firebasejs/8.6.3/firebase-database.js","firestore":"https://www.gstatic.com/firebasejs/8.6.3/firebase-firestore.js","functions":"https://www.gstatic.com/firebasejs/8.6.3/firebase-functions.js","installations":"https://www.gstatic.com/firebasejs/8.6.3/firebase-installations.js","messaging":"https://www.gstatic.com/firebasejs/8.6.3/firebase-messaging.js","storage":"https://www.gstatic.com/firebasejs/8.6.3/firebase-storage.js","performance":"https://www.gstatic.com/firebasejs/8.6.3/firebase-performance.js","remote-config":"https://www.gstatic.com/firebasejs/8.6.3/firebase-remote-config.js","firestore.memory":"https://www.gstatic.com/firebasejs/8.6.3/firebase-firestore.memory.js"}}
[info] i  Skipping write of build/index.html 
[info] 
[info] i  Detected a .git folder at /Users/budiagung/mern-frontend 
[info] i  Authorizing with GitHub to upload your service account to a GitHub repository's secrets store. 
[info] 
[info] Visit this URL on this device to log in:
[info] https://github.com/login/oauth/authorize?client_id=89cf50f02ac6aaed3484&state=38617888&redirect_uri=http%3A%2F%2Flocalhost%3A9005&scope=read%3Auser%20repo%20public_repo
[info] 
[info] Waiting for authentication...
[debug] [2021-06-01T02:50:22.681Z] >>> HTTP REQUEST POST https://github.com/login/oauth/access_token  
 {"client_id":"89cf50f02ac6aaed3484","client_secret":"3330d14abc895d9a74d5f17cd7a00711fa2c5bf0","code":"ff82c0cbd4936f4d0d84","redirect_uri":"http://localhost:9005","state":"38617888"}
[debug] [2021-06-01T02:50:23.306Z] <<< HTTP RESPONSE 200 {"server":"GitHub.com","date":"Tue, 01 Jun 2021 02:50:24 GMT","content-type":"application/json; charset=utf-8","transfer-encoding":"chunked","vary":"X-PJAX, Accept-Encoding, Accept, X-Requested-With","permissions-policy":"interest-cohort=()","etag":"W/\"667ac438dd8b3e77d47d7d6423436d28\"","cache-control":"max-age=0, private, must-revalidate","strict-transport-security":"max-age=31536000; includeSubdomains; preload","x-frame-options":"deny","x-content-type-options":"nosniff","x-xss-protection":"0","referrer-policy":"origin-when-cross-origin, strict-origin-when-cross-origin","expect-ct":"max-age=2592000, report-uri=\"https://api.github.com/_private/browser/errors\"","content-security-policy":"default-src 'none'; base-uri 'self'; block-all-mixed-content; connect-src 'self' uploads.github.com www.githubstatus.com collector.githubapp.com api.github.com github-cloud.s3.amazonaws.com github-production-repository-file-5c1aeb.s3.amazonaws.com github-production-upload-manifest-file-7fdce7.s3.amazonaws.com github-production-user-asset-6210df.s3.amazonaws.com html-translator.herokuapp.com cdn.optimizely.com logx.optimizely.com/v1/events wss://alive.github.com; font-src github.githubassets.com; form-action 'self' github.com gist.github.com; frame-ancestors 'none'; frame-src render.githubusercontent.com; img-src 'self' data: github.githubassets.com identicons.github.com collector.githubapp.com github-cloud.s3.amazonaws.com secured-user-images.githubusercontent.com/ *.githubusercontent.com; manifest-src 'self'; media-src 'none'; script-src github.githubassets.com; style-src 'unsafe-inline' github.githubassets.com; worker-src github.com/socket-worker-3f088aa2.js gist.github.com/socket-worker-3f088aa2.js","x-github-request-id":"955E:5A38:1234DF:18BFBF:60B5A06F"}
[debug] [2021-06-01T02:50:23.312Z] >>> [apiv2][query] GET https://api.github.com/user [none]
[debug] [2021-06-01T02:50:23.967Z] <<< [apiv2][status] GET https://api.github.com/user 200
[debug] [2021-06-01T02:50:23.967Z] <<< [apiv2][body] GET https://api.github.com/user {"login":"budiagung070898","id":72058603,"node_id":"MDQ6VXNlcjcyMDU4NjAz","avatar_url":"https://avatars.githubusercontent.com/u/72058603?v=4","gravatar_id":"","url":"https://api.github.com/users/budiagung070898","html_url":"https://github.com/budiagung070898","followers_url":"https://api.github.com/users/budiagung070898/followers","following_url":"https://api.github.com/users/budiagung070898/following{/other_user}","gists_url":"https://api.github.com/users/budiagung070898/gists{/gist_id}","starred_url":"https://api.github.com/users/budiagung070898/starred{/owner}{/repo}","subscriptions_url":"https://api.github.com/users/budiagung070898/subscriptions","organizations_url":"https://api.github.com/users/budiagung070898/orgs","repos_url":"https://api.github.com/users/budiagung070898/repos","events_url":"https://api.github.com/users/budiagung070898/events{/privacy}","received_events_url":"https://api.github.com/users/budiagung070898/received_events","type":"User","site_admin":false,"name":"Budi Agung","company":null,"blog":"","location":null,"email":null,"hireable":null,"bio":null,"twitter_username":null,"public_repos":9,"public_gists":0,"followers":5,"following":9,"created_at":"2020-09-29T03:13:25Z","updated_at":"2021-06-01T02:50:23Z","private_gists":0,"total_private_repos":4,"owned_private_repos":4,"disk_usage":35682,"collaborators":8,"two_factor_authentication":false,"plan":{"name":"free","space":976562499,"collaborators":0,"private_repos":10000}}
[info] 
[info] ✔  Success! Logged into GitHub as budiagung070898 
[info] 
[debug] [2021-06-01T02:52:37.682Z] >>> [apiv2][query] GET https://api.github.com/repos/budiagung070898/mern-course/actions/secrets/public-key type=owner
[debug] [2021-06-01T02:52:39.752Z] <<< [apiv2][status] GET https://api.github.com/repos/budiagung070898/mern-course/actions/secrets/public-key 200
[debug] [2021-06-01T02:52:39.752Z] <<< [apiv2][body] GET https://api.github.com/repos/budiagung070898/mern-course/actions/secrets/public-key {"key_id":"568250167242549743","key":"QVlsSqpB0RySSesxED4+GI6OSjcwxLthmLJm1JtBFgc="}
[debug] [2021-06-01T02:52:39.753Z] >>> [apiv2][query] GET https://api.github.com/repos/budiagung070898/mern-course [none]
[debug] [2021-06-01T02:52:40.648Z] <<< [apiv2][status] GET https://api.github.com/repos/budiagung070898/mern-course 200
[debug] [2021-06-01T02:52:40.648Z] <<< [apiv2][body] GET https://api.github.com/repos/budiagung070898/mern-course {"id":372683685,"node_id":"MDEwOlJlcG9zaXRvcnkzNzI2ODM2ODU=","name":"mern-course","full_name":"budiagung070898/mern-course","private":false,"owner":{"login":"budiagung070898","id":72058603,"node_id":"MDQ6VXNlcjcyMDU4NjAz","avatar_url":"https://avatars.githubusercontent.com/u/72058603?v=4","gravatar_id":"","url":"https://api.github.com/users/budiagung070898","html_url":"https://github.com/budiagung070898","followers_url":"https://api.github.com/users/budiagung070898/followers","following_url":"https://api.github.com/users/budiagung070898/following{/other_user}","gists_url":"https://api.github.com/users/budiagung070898/gists{/gist_id}","starred_url":"https://api.github.com/users/budiagung070898/starred{/owner}{/repo}","subscriptions_url":"https://api.github.com/users/budiagung070898/subscriptions","organizations_url":"https://api.github.com/users/budiagung070898/orgs","repos_url":"https://api.github.com/users/budiagung070898/repos","events_url":"https://api.github.com/users/budiagung070898/events{/privacy}","received_events_url":"https://api.github.com/users/budiagung070898/received_events","type":"User","site_admin":false},"html_url":"https://github.com/budiagung070898/mern-course","description":null,"fork":false,"url":"https://api.github.com/repos/budiagung070898/mern-course","forks_url":"https://api.github.com/repos/budiagung070898/mern-course/forks","keys_url":"https://api.github.com/repos/budiagung070898/mern-course/keys{/key_id}","collaborators_url":"https://api.github.com/repos/budiagung070898/mern-course/collaborators{/collaborator}","teams_url":"https://api.github.com/repos/budiagung070898/mern-course/teams","hooks_url":"https://api.github.com/repos/budiagung070898/mern-course/hooks","issue_events_url":"https://api.github.com/repos/budiagung070898/mern-course/issues/events{/number}","events_url":"https://api.github.com/repos/budiagung070898/mern-course/events","assignees_url":"https://api.github.com/repos/budiagung070898/mern-course/assignees{/user}","branches_url":"https://api.github.com/repos/budiagung070898/mern-course/branches{/branch}","tags_url":"https://api.github.com/repos/budiagung070898/mern-course/tags","blobs_url":"https://api.github.com/repos/budiagung070898/mern-course/git/blobs{/sha}","git_tags_url":"https://api.github.com/repos/budiagung070898/mern-course/git/tags{/sha}","git_refs_url":"https://api.github.com/repos/budiagung070898/mern-course/git/refs{/sha}","trees_url":"https://api.github.com/repos/budiagung070898/mern-course/git/trees{/sha}","statuses_url":"https://api.github.com/repos/budiagung070898/mern-course/statuses/{sha}","languages_url":"https://api.github.com/repos/budiagung070898/mern-course/languages","stargazers_url":"https://api.github.com/repos/budiagung070898/mern-course/stargazers","contributors_url":"https://api.github.com/repos/budiagung070898/mern-course/contributors","subscribers_url":"https://api.github.com/repos/budiagung070898/mern-course/subscribers","subscription_url":"https://api.github.com/repos/budiagung070898/mern-course/subscription","commits_url":"https://api.github.com/repos/budiagung070898/mern-course/commits{/sha}","git_commits_url":"https://api.github.com/repos/budiagung070898/mern-course/git/commits{/sha}","comments_url":"https://api.github.com/repos/budiagung070898/mern-course/comments{/number}","issue_comment_url":"https://api.github.com/repos/budiagung070898/mern-course/issues/comments{/number}","contents_url":"https://api.github.com/repos/budiagung070898/mern-course/contents/{+path}","compare_url":"https://api.github.com/repos/budiagung070898/mern-course/compare/{base}...{head}","merges_url":"https://api.github.com/repos/budiagung070898/mern-course/merges","archive_url":"https://api.github.com/repos/budiagung070898/mern-course/{archive_format}{/ref}","downloads_url":"https://api.github.com/repos/budiagung070898/mern-course/downloads","issues_url":"https://api.github.com/repos/budiagung070898/mern-course/issues{/number}","pulls_url":"https://api.github.com/repos/budiagung070898/mern-course/pulls{/number}","milestones_url":"https://api.github.com/repos/budiagung070898/mern-course/milestones{/number}","notifications_url":"https://api.github.com/repos/budiagung070898/mern-course/notifications{?since,all,participating}","labels_url":"https://api.github.com/repos/budiagung070898/mern-course/labels{/name}","releases_url":"https://api.github.com/repos/budiagung070898/mern-course/releases{/id}","deployments_url":"https://api.github.com/repos/budiagung070898/mern-course/deployments","created_at":"2021-06-01T02:52:11Z","updated_at":"2021-06-01T02:52:11Z","pushed_at":"2021-06-01T02:52:11Z","git_url":"git://github.com/budiagung070898/mern-course.git","ssh_url":"git@github.com:budiagung070898/mern-course.git","clone_url":"https://github.com/budiagung070898/mern-course.git","svn_url":"https://github.com/budiagung070898/mern-course","homepage":null,"size":0,"stargazers_count":0,"watchers_count":0,"language":null,"has_issues":true,"has_projects":true,"has_downloads":true,"has_wiki":true,"has_pages":false,"forks_count":0,"mirror_url":null,"archived":false,"disabled":false,"open_issues_count":0,"license":null,"forks":0,"open_issues":0,"watchers":0,"default_branch":"main","permissions":{"admin":true,"push":true,"pull":true},"temp_clone_token":"","allow_squash_merge":true,"allow_merge_commit":true,"allow_rebase_merge":true,"delete_branch_on_merge":false,"network_count":0,"subscribers_count":1}
[debug] [2021-06-01T02:52:40.650Z] > refreshing access token with scopes: ["email","https://www.googleapis.com/auth/cloud-platform","https://www.googleapis.com/auth/cloudplatformprojects.readonly","https://www.googleapis.com/auth/firebase","openid"]
[debug] [2021-06-01T02:52:40.651Z] >>> HTTP REQUEST POST https://www.googleapis.com/oauth2/v3/token  
 <request body omitted>
[debug] [2021-06-01T02:52:41.301Z] <<< HTTP RESPONSE 200 {"pragma":"no-cache","cache-control":"no-cache, no-store, max-age=0, must-revalidate","expires":"Mon, 01 Jan 1990 00:00:00 GMT","date":"Tue, 01 Jun 2021 02:52:42 GMT","content-type":"application/json; charset=utf-8","vary":"X-Origin, Referer, Origin,Accept-Encoding","server":"scaffolding on HTTPServer2","x-xss-protection":"0","x-frame-options":"SAMEORIGIN","x-content-type-options":"nosniff","alt-svc":"h3-29=\":443\"; ma=2592000,h3-T051=\":443\"; ma=2592000,h3-Q050=\":443\"; ma=2592000,h3-Q046=\":443\"; ma=2592000,h3-Q043=\":443\"; ma=2592000,quic=\":443\"; ma=2592000; v=\"46,43\"","accept-ranges":"none","transfer-encoding":"chunked"}
[debug] [2021-06-01T02:52:41.328Z] >>> HTTP REQUEST POST https://iam.googleapis.com/v1/projects/mern-frontend-course/serviceAccounts  
 {"accountId":"github-action-372683685","serviceAccount":{"displayName":"GitHub Actions (budiagung070898/mern-course)","description":"A service account with permission to deploy to Firebase Hosting for the GitHub repository budiagung070898/mern-course"}}
[debug] [2021-06-01T03:49:27.506Z] ----------------------------------------------------------------------
[debug] [2021-06-01T03:49:27.508Z] Command:       /usr/local/bin/firebase /Users/budiagung/.cache/firebase/tools/lib/node_modules/firebase-tools/lib/bin/firebase init
[debug] [2021-06-01T03:49:27.509Z] CLI Version:   9.12.0
[debug] [2021-06-01T03:49:27.509Z] Platform:      darwin
[debug] [2021-06-01T03:49:27.509Z] Node Version:  v12.18.1
[debug] [2021-06-01T03:49:27.510Z] Time:          Tue Jun 01 2021 10:49:27 GMT+0700 (Western Indonesia Time)
[debug] [2021-06-01T03:49:27.510Z] ----------------------------------------------------------------------
[debug] 
[debug] [2021-06-01T03:49:27.516Z] > command requires scopes: ["email","openid","https://www.googleapis.com/auth/cloudplatformprojects.readonly","https://www.googleapis.com/auth/firebase","https://www.googleapis.com/auth/cloud-platform"]
[debug] [2021-06-01T03:49:27.516Z] > authorizing via signed-in user (budiagung070898@gmail.com)
[info] 
     ######## #### ########  ######## ########     ###     ######  ########
     ##        ##  ##     ## ##       ##     ##  ##   ##  ##       ##
     ######    ##  ########  ######   ########  #########  ######  ######
     ##        ##  ##    ##  ##       ##     ## ##     ##       ## ##
     ##       #### ##     ## ######## ########  ##     ##  ######  ########

You're about to initialize a Firebase project in this directory:

  /Users/budiagung/mern-frontend

[info] 
=== Project Setup
[info] 
[info] First, let's associate this project directory with a Firebase project.
[info] You can create multiple project aliases by running firebase use --add, 
[info] but for now we'll just set up a default project.
[info] 
[debug] [2021-06-01T03:49:33.467Z] > refreshing access token with scopes: []
[debug] [2021-06-01T03:49:33.467Z] >>> HTTP REQUEST POST https://www.googleapis.com/oauth2/v3/token  
 <request body omitted>
[debug] [2021-06-01T03:51:47.140Z] ----------------------------------------------------------------------
[debug] [2021-06-01T03:51:47.142Z] Command:       /usr/local/bin/firebase /Users/budiagung/.cache/firebase/tools/lib/node_modules/firebase-tools/lib/bin/firebase init
[debug] [2021-06-01T03:51:47.142Z] CLI Version:   9.12.0
[debug] [2021-06-01T03:51:47.142Z] Platform:      darwin
[debug] [2021-06-01T03:51:47.142Z] Node Version:  v12.18.1
[debug] [2021-06-01T03:51:47.143Z] Time:          Tue Jun 01 2021 10:51:47 GMT+0700 (Western Indonesia Time)
[debug] [2021-06-01T03:51:47.143Z] ----------------------------------------------------------------------
[debug] 
[debug] [2021-06-01T03:51:47.150Z] > command requires scopes: ["email","openid","https://www.googleapis.com/auth/cloudplatformprojects.readonly","https://www.googleapis.com/auth/firebase","https://www.googleapis.com/auth/cloud-platform"]
[debug] [2021-06-01T03:51:47.150Z] > authorizing via signed-in user (budiagung070898@gmail.com)
[info] 
     ######## #### ########  ######## ########     ###     ######  ########
     ##        ##  ##     ## ##       ##     ##  ##   ##  ##       ##
     ######    ##  ########  ######   ########  #########  ######  ######
     ##        ##  ##    ##  ##       ##     ## ##     ##       ## ##
     ##       #### ##     ## ######## ########  ##     ##  ######  ########

You're about to initialize a Firebase project in this directory:

  /Users/budiagung/mern-frontend

[info] 
=== Project Setup
[info] 
[info] First, let's associate this project directory with a Firebase project.
[info] You can create multiple project aliases by running firebase use --add, 
[info] but for now we'll just set up a default project.
[info] 
[debug] [2021-06-01T03:51:51.181Z] > refreshing access token with scopes: []
[debug] [2021-06-01T03:51:51.181Z] >>> HTTP REQUEST POST https://www.googleapis.com/oauth2/v3/token  
 <request body omitted>
